<?xml version="1.0" encoding="UTF-8"?>
<!-- Generated by org.testng.reporters.JUnitReportReporter -->
<testsuite hostname="FOCUS-QA-118" name="com.focus.testcases.URLBrowserTest" tests="2" failures="0" timestamp="5 Jan 2023 14:01:25 GMT" time="22.518" errors="0">
  <testcase name="checkLoginPageTitleByURLInputInBrowser" time="11.984" classname="com.focus.testcases.URLBrowserTest"/>
  <testcase name="verifyBrowserOpen" time="10.534" classname="com.focus.testcases.URLBrowserTest"/>
</testsuite> <!-- com.focus.testcases.URLBrowserTest -->
