<?xml version="1.0" encoding="UTF-8"?>
<!-- Generated by org.testng.reporters.JUnitReportReporter -->
<testsuite hostname="FOCUS-QA-118" name="com.focus.testcases.LoginPageTest" tests="2" failures="0" timestamp="5 Jan 2023 11:46:58 GMT" time="226.559" errors="0">
  <testcase name="checkRestoreVouchersPrintcompany" time="210.154" classname="com.focus.testcases.LoginPageTest"/>
  <testcase name="checkLogin" time="16.405" classname="com.focus.testcases.LoginPageTest"/>
</testsuite> <!-- com.focus.testcases.LoginPageTest -->
